----------

Tue Jun 08 2021 10:18:07 GMT-0700 (Pacific Daylight Time)

Script /Users/stephenlee/Documents/BootstrapStudio/export.sh couldn't be run

----------

Tue Jun 08 2021 10:23:58 GMT-0700 (Pacific Daylight Time)

Script /Users/stephenlee/Documents/BootstrapStudio/export.sh couldn't be run

----------

Tue Jun 08 2021 10:39:14 GMT-0700 (Pacific Daylight Time)

Script /Users/stephenlee/Documents/BootstrapStudio/export.sh couldn't be run

----------

Wed Jun 16 2021 15:07:32 GMT-0700 (Pacific Daylight Time)

Script /Users/stephenlee/Documents/BootstrapStudio/export.sh couldn't be run

----------

Wed Jun 16 2021 15:13:49 GMT-0700 (Pacific Daylight Time)

Script /Users/stephenlee/Documents/BootstrapStudio/export.sh couldn't be run

----------

Thu Jun 17 2021 11:33:03 GMT-0700 (Pacific Daylight Time)

Script /Users/stephenlee/Documents/BootstrapStudio/export.sh couldn't be run

----------

Thu Jun 17 2021 13:32:14 GMT-0700 (Pacific Daylight Time)

Script /Users/stephenlee/Documents/BootstrapStudio/export.sh couldn't be run

----------

Thu Jun 17 2021 17:16:26 GMT-0700 (Pacific Daylight Time)

Script /Users/stephenlee/Documents/BootstrapStudio/export.sh couldn't be run

----------

Fri Jun 18 2021 14:56:28 GMT-0700 (Pacific Daylight Time)

Script /Users/stephenlee/Documents/BootstrapStudio/export.sh couldn't be run

----------

Fri Jun 18 2021 14:59:36 GMT-0700 (Pacific Daylight Time)

Script /Users/stephenlee/Documents/BootstrapStudio/export.sh couldn't be run

----------

Fri Jun 18 2021 15:03:02 GMT-0700 (Pacific Daylight Time)

Script /Users/stephenlee/Documents/BootstrapStudio/export.sh couldn't be run

----------

Fri Jun 18 2021 15:05:49 GMT-0700 (Pacific Daylight Time)

Script /Users/stephenlee/Documents/BootstrapStudio/export.sh couldn't be run

----------

Fri Jul 09 2021 13:20:58 GMT-0700 (Pacific Daylight Time)

Script /Users/stephenlee/Documents/BootstrapStudio/export.sh couldn't be run

----------

Sat Jul 10 2021 06:05:31 GMT-0700 (Pacific Daylight Time)

Script /Users/stephenlee/Documents/BootstrapStudio/export.sh couldn't be run

----------

Sat Jul 10 2021 06:05:56 GMT-0700 (Pacific Daylight Time)

Script /Users/stephenlee/Documents/BootstrapStudio/export.sh couldn't be run

----------

Sat Jul 10 2021 06:12:35 GMT-0700 (Pacific Daylight Time)

Script /Users/stephenlee/Documents/BootstrapStudio/export.sh couldn't be run

----------

Sat Jul 10 2021 06:24:00 GMT-0700 (Pacific Daylight Time)

Script /Users/stephenlee/Documents/BootstrapStudio/export.sh couldn't be run

----------

Tue Aug 10 2021 20:19:59 GMT-0700 (Pacific Daylight Time)

Script /Users/stephenlee/Documents/BootstrapStudio/export.sh couldn't be run

----------

Wed Aug 11 2021 13:28:16 GMT-0700 (Pacific Daylight Time)

Script /Users/stephenlee/Documents/BootstrapStudio/export.sh couldn't be run

